f:\documents\university\year 3\ce301 - capstone project\git_local\ce301_thomas_holland_c\3dengine\release\3dengine.ipdb
f:\documents\university\year 3\ce301 - capstone project\git_local\ce301_thomas_holland_c\3dengine\release\3dengine.iobj
f:\documents\university\year 3\ce301 - capstone project\git_local\ce301_thomas_holland_c\3dengine\release\vc142.pdb
f:\documents\university\year 3\ce301 - capstone project\git_local\ce301_thomas_holland_c\3dengine\release\imgui_widgets.obj
f:\documents\university\year 3\ce301 - capstone project\git_local\ce301_thomas_holland_c\3dengine\release\imgui_tables.obj
f:\documents\university\year 3\ce301 - capstone project\git_local\ce301_thomas_holland_c\3dengine\release\imgui_draw.obj
f:\documents\university\year 3\ce301 - capstone project\git_local\ce301_thomas_holland_c\3dengine\release\imgui_demo.obj
f:\documents\university\year 3\ce301 - capstone project\git_local\ce301_thomas_holland_c\3dengine\release\imgui.obj
f:\documents\university\year 3\ce301 - capstone project\git_local\ce301_thomas_holland_c\3dengine\release\main.obj
f:\documents\university\year 3\ce301 - capstone project\git_local\ce301_thomas_holland_c\3dengine\release\imgui_impl_opengl3.obj
f:\documents\university\year 3\ce301 - capstone project\git_local\ce301_thomas_holland_c\3dengine\release\imgui_impl_glfw.obj
f:\documents\university\year 3\ce301 - capstone project\git_local\ce301_thomas_holland_c\3dengine\release\3dengine.exe
f:\documents\university\year 3\ce301 - capstone project\git_local\ce301_thomas_holland_c\3dengine\release\3dengine.pdb
f:\documents\university\year 3\ce301 - capstone project\git_local\ce301_thomas_holland_c\3dengine\release\3dengine.tlog\3dengine.write.1u.tlog
f:\documents\university\year 3\ce301 - capstone project\git_local\ce301_thomas_holland_c\3dengine\release\3dengine.tlog\cl.command.1.tlog
f:\documents\university\year 3\ce301 - capstone project\git_local\ce301_thomas_holland_c\3dengine\release\3dengine.tlog\cl.read.1.tlog
f:\documents\university\year 3\ce301 - capstone project\git_local\ce301_thomas_holland_c\3dengine\release\3dengine.tlog\cl.write.1.tlog
f:\documents\university\year 3\ce301 - capstone project\git_local\ce301_thomas_holland_c\3dengine\release\3dengine.tlog\link.command.1.tlog
f:\documents\university\year 3\ce301 - capstone project\git_local\ce301_thomas_holland_c\3dengine\release\3dengine.tlog\link.read.1.tlog
f:\documents\university\year 3\ce301 - capstone project\git_local\ce301_thomas_holland_c\3dengine\release\3dengine.tlog\link.write.1.tlog
